# JRE version: Java(TM) SE Runtime Environment (8.0_221-b11) (build 1.8.0_221-b11)
# Java VM: Java HotSpot(TM) 64-Bit Server VM (25.221-b11 mixed mode windows-amd64 compressed oops)
Heap:
 PSYoungGen      total 59904K, used 2688K [0x00000000d5f80000, 0x00000000dcb00000, 0x0000000100000000)
  eden space 48640K, 0% used [0x00000000d5f80000,0x00000000d5f80000,0x00000000d8f00000)
  from space 11264K, 23% used [0x00000000d8f00000,0x00000000d91a03c8,0x00000000d9a00000)
  to   space 11776K, 0% used [0x00000000dbf80000,0x00000000dbf80000,0x00000000dcb00000)
 ParOldGen       total 60416K, used 12669K [0x0000000081e00000, 0x0000000085900000, 0x00000000d5f80000)
  object space 60416K, 20% used [0x0000000081e00000,0x0000000082a5f608,0x0000000085900000)
 Metaspace       used 22429K, capacity 23018K, committed 23216K, reserved 1069056K
  class space    used 2761K, capacity 2986K, committed 3072K, reserved 1048576K
GC Heap History (10 events):
Event: 7.595 GC heap after
Heap after GC invocations=4 (full 0):
 PSYoungGen      total 38400K, used 5104K [0x00000000d5f80000, 0x00000000daa80000, 0x0000000100000000)
  eden space 33280K, 0% used [0x00000000d5f80000,0x00000000d5f80000,0x00000000d8000000)
  from space 5120K, 99% used [0x00000000da580000,0x00000000daa7c010,0x00000000daa80000)
  to   space 5120K, 0% used [0x00000000d8000000,0x00000000d8000000,0x00000000d8500000)
 ParOldGen       total 87552K, used 6249K [0x0000000081e00000, 0x0000000087380000, 0x00000000d5f80000)
  object space 87552K, 7% used [0x0000000081e00000,0x000000008241a5e0,0x0000000087380000)
 Metaspace       used 16059K, capacity 16358K, committed 16640K, reserved 1064960K
  class space    used 1954K, capacity 2047K, committed 2048K, reserved 1048576K
}
Event: 13.149 GC heap before
{Heap before GC invocations=5 (full 0):
 PSYoungGen      total 38400K, used 38384K [0x00000000d5f80000, 0x00000000daa80000, 0x0000000100000000)
  eden space 33280K, 100% used [0x00000000d5f80000,0x00000000d8000000,0x00000000d8000000)
  from space 5120K, 99% used [0x00000000da580000,0x00000000daa7c010,0x00000000daa80000)
  to   space 5120K, 0% used [0x00000000d8000000,0x00000000d8000000,0x00000000d8500000)
 ParOldGen       total 87552K, used 6249K [0x0000000081e00000, 0x0000000087380000, 0x00000000d5f80000)
  object space 87552K, 7% used [0x0000000081e00000,0x000000008241a5e0,0x0000000087380000)
 Metaspace       used 20437K, capacity 20810K, committed 21120K, reserved 1067008K
  class space    used 2513K, capacity 2639K, committed 2688K, reserved 1048576K
Event: 13.190 GC heap after
Heap after GC invocations=5 (full 0):
 PSYoungGen      total 37888K, used 5104K [0x00000000d5f80000, 0x00000000da600000, 0x0000000100000000)
  eden space 32768K, 0% used [0x00000000d5f80000,0x00000000d5f80000,0x00000000d7f80000)
  from space 5120K, 99% used [0x00000000d8000000,0x00000000d84fc030,0x00000000d8500000)
  to   space 12288K, 0% used [0x00000000d9a00000,0x00000000d9a00000,0x00000000da600000)
 ParOldGen       total 87552K, used 12686K [0x0000000081e00000, 0x0000000087380000, 0x00000000d5f80000)
  object space 87552K, 14% used [0x0000000081e00000,0x0000000082a63988,0x0000000087380000)
 Metaspace       used 20437K, capacity 20810K, committed 21120K, reserved 1067008K
  class space    used 2513K, capacity 2639K, committed 2688K, reserved 1048576K
}
Event: 13.369 GC heap before
{Heap before GC invocations=6 (full 0):
 PSYoungGen      total 37888K, used 11711K [0x00000000d5f80000, 0x00000000da600000, 0x0000000100000000)
  eden space 32768K, 20% used [0x00000000d5f80000,0x00000000d65f3cb0,0x00000000d7f80000)
  from space 5120K, 99% used [0x00000000d8000000,0x00000000d84fc030,0x00000000d8500000)
  to   space 12288K, 0% used [0x00000000d9a00000,0x00000000d9a00000,0x00000000da600000)
 ParOldGen       total 87552K, used 12686K [0x0000000081e00000, 0x0000000087380000, 0x00000000d5f80000)
  object space 87552K, 14% used [0x0000000081e00000,0x0000000082a63988,0x0000000087380000)
 Metaspace       used 20879K, capacity 21162K, committed 21296K, reserved 1069056K
  class space    used 2567K, capacity 2671K, committed 2688K, reserved 1048576K
Event: 13.385 GC heap after
Heap after GC invocations=6 (full 0):
 PSYoungGen      total 60928K, used 7296K [0x00000000d5f80000, 0x00000000db580000, 0x0000000100000000)
  eden space 48640K, 0% used [0x00000000d5f80000,0x00000000d5f80000,0x00000000d8f00000)
  from space 12288K, 59% used [0x00000000d9a00000,0x00000000da120368,0x00000000da600000)
  to   space 11264K, 0% used [0x00000000d8f00000,0x00000000d8f00000,0x00000000d9a00000)
 ParOldGen       total 87552K, used 12694K [0x0000000081e00000, 0x0000000087380000, 0x00000000d5f80000)
  object space 87552K, 14% used [0x0000000081e00000,0x0000000082a65988,0x0000000087380000)
 Metaspace       used 20879K, capacity 21162K, committed 21296K, reserved 1069056K
  class space    used 2567K, capacity 2671K, committed 2688K, reserved 1048576K
}
Event: 13.385 GC heap before
{Heap before GC invocations=7 (full 1):
 PSYoungGen      total 60928K, used 7296K [0x00000000d5f80000, 0x00000000db580000, 0x0000000100000000)
  eden space 48640K, 0% used [0x00000000d5f80000,0x00000000d5f80000,0x00000000d8f00000)
  from space 12288K, 59% used [0x00000000d9a00000,0x00000000da120368,0x00000000da600000)
  to   space 11264K, 0% used [0x00000000d8f00000,0x00000000d8f00000,0x00000000d9a00000)
 ParOldGen       total 87552K, used 12694K [0x0000000081e00000, 0x0000000087380000, 0x00000000d5f80000)
  object space 87552K, 14% used [0x0000000081e00000,0x0000000082a65988,0x0000000087380000)
 Metaspace       used 20879K, capacity 21162K, committed 21296K, reserved 1069056K
  class space    used 2567K, capacity 2671K, committed 2688K, reserved 1048576K
Event: 13.486 GC heap after
Heap after GC invocations=7 (full 1):
 PSYoungGen      total 60928K, used 0K [0x00000000d5f80000, 0x00000000db580000, 0x0000000100000000)
  eden space 48640K, 0% used [0x00000000d5f80000,0x00000000d5f80000,0x00000000d8f00000)
  from space 12288K, 0% used [0x00000000d9a00000,0x00000000d9a00000,0x00000000da600000)
  to   space 11264K, 0% used [0x00000000d8f00000,0x00000000d8f00000,0x00000000d9a00000)
 ParOldGen       total 60416K, used 12669K [0x0000000081e00000, 0x0000000085900000, 0x00000000d5f80000)
  object space 60416K, 20% used [0x0000000081e00000,0x0000000082a5f608,0x0000000085900000)
 Metaspace       used 20879K, capacity 21162K, committed 21296K, reserved 1069056K
  class space    used 2567K, capacity 2671K, committed 2688K, reserved 1048576K
}
Event: 18.251 GC heap before
{Heap before GC invocations=8 (full 1):
 PSYoungGen      total 60928K, used 29902K [0x00000000d5f80000, 0x00000000db580000, 0x0000000100000000)
  eden space 48640K, 61% used [0x00000000d5f80000,0x00000000d7cb38b8,0x00000000d8f00000)
  from space 12288K, 0% used [0x00000000d9a00000,0x00000000d9a00000,0x00000000da600000)
  to   space 11264K, 0% used [0x00000000d8f00000,0x00000000d8f00000,0x00000000d9a00000)
 ParOldGen       total 60416K, used 12669K [0x0000000081e00000, 0x0000000085900000, 0x00000000d5f80000)
  object space 60416K, 20% used [0x0000000081e00000,0x0000000082a5f608,0x0000000085900000)
 Metaspace       used 22429K, capacity 23018K, committed 23216K, reserved 1069056K
  class space    used 2761K, capacity 2986K, committed 3072K, reserved 1048576K
Event: 18.263 GC heap after
Heap after GC invocations=8 (full 1):
 PSYoungGen      total 59904K, used 2688K [0x00000000d5f80000, 0x00000000dcb00000, 0x0000000100000000)
  eden space 48640K, 0% used [0x00000000d5f80000,0x00000000d5f80000,0x00000000d8f00000)
  from space 11264K, 23% used [0x00000000d8f00000,0x00000000d91a03c8,0x00000000d9a00000)
  to   space 11776K, 0% used [0x00000000dbf80000,0x00000000dbf80000,0x00000000dcb00000)
 ParOldGen       total 60416K, used 12669K [0x0000000081e00000, 0x0000000085900000, 0x00000000d5f80000)
  object space 60416K, 20% used [0x0000000081e00000,0x0000000082a5f608,0x0000000085900000)
 Metaspace       used 22429K, capacity 23018K, committed 23216K, reserved 1069056K
  class space    used 2761K, capacity 2986K, committed 3072K, reserved 1048576K
}
Event: 18.263 GC heap before
{Heap before GC invocations=9 (full 2):
 PSYoungGen      total 59904K, used 2688K [0x00000000d5f80000, 0x00000000dcb00000, 0x0000000100000000)
  eden space 48640K, 0% used [0x00000000d5f80000,0x00000000d5f80000,0x00000000d8f00000)
  from space 11264K, 23% used [0x00000000d8f00000,0x00000000d91a03c8,0x00000000d9a00000)
  to   space 11776K, 0% used [0x00000000dbf80000,0x00000000dbf80000,0x00000000dcb00000)
 ParOldGen       total 60416K, used 12669K [0x0000000081e00000, 0x0000000085900000, 0x00000000d5f80000)
  object space 60416K, 20% used [0x0000000081e00000,0x0000000082a5f608,0x0000000085900000)
 Metaspace       used 22429K, capacity 23018K, committed 23216K, reserved 1069056K
  class space    used 2761K, capacity 2986K, committed 3072K, reserved 1048576K

